[    0.000000] Initializing cgroup subsys cpuset
[    0.000000] Initializing cgroup subsys cpu
[    0.000000] Initializing cgroup subsys cpuacct
[    0.000000] Linux version 4.4.0-78-generic (buildd@lgw01-11) (gcc version 5.4.0 20160609 (Ubuntu 5.4.0-6ubuntu1~16.04.4) ) #99-Ubuntu SMP Thu Apr 27 15:29:09 UTC 2017 (Ubuntu 4.4.0-78.99-generic 4.4.62)
[    0.000000] Command line: BOOT_IMAGE=/boot/vmlinuz-4.4.0-78-generic root=LABEL=cloudimg-rootfs ro console=tty1 console=ttyS0
[    0.000000] KERNEL supported cpus:
[    0.000000]   Intel GenuineIntel
[    0.000000]   AMD AuthenticAMD
[    0.000000]   Centaur CentaurHauls
[    0.000000] x86/fpu: xstate_offset[2]:  576, xstate_sizes[2]:  256
[    0.000000] x86/fpu: Supporting XSAVE feature 0x01: 'x87 floating point registers'
[    0.000000] x86/fpu: Supporting XSAVE feature 0x02: 'SSE registers'
[    0.000000] x86/fpu: Supporting XSAVE feature 0x04: 'AVX registers'
[    0.000000] x86/fpu: Enabled xstate features 0x7, context size is 832 bytes, using 'standard' format.
[    0.000000] x86/fpu: Using 'lazy' FPU context switches.
[    0.000000] e820: BIOS-provided physical RAM map:
[    0.000000] BIOS-e820: [mem 0x0000000000000000-0x000000000009fbff] usable
[    0.000000] BIOS-e820: [mem 0x000000000009fc00-0x000000000009ffff] reserved
[    0.000000] BIOS-e820: [mem 0x00000000000f0000-0x00000000000fffff] reserved
[    0.000000] BIOS-e820: [mem 0x0000000000100000-0x000000005ffeffff] usable
[    0.000000] BIOS-e820: [mem 0x000000005fff0000-0x000000005fffffff] ACPI data
[    0.000000] BIOS-e820: [mem 0x00000000fec00000-0x00000000fec00fff] reserved
[    0.000000] BIOS-e820: [mem 0x00000000fee00000-0x00000000fee00fff] reserved
[    0.000000] BIOS-e820: [mem 0x00000000fffc0000-0x00000000ffffffff] reserved
[    0.000000] NX (Execute Disable) protection: active
[    0.000000] SMBIOS 2.5 present.
[    0.000000] Hypervisor detected: KVM
[    0.000000] e820: last_pfn = 0x5fff0 max_arch_pfn = 0x400000000
[    0.000000] MTRR: Disabled
[    0.000000] x86/PAT: MTRRs disabled, skipping PAT initialization too.
[    0.000000] x86/PAT: Configuration [0-7]: WB  WT  UC- UC  WB  WT  UC- UC  
[    0.000000] CPU MTRRs all blank - virtualized system.
[    0.000000] found SMP MP-table at [mem 0x0009fff0-0x0009ffff] mapped at [ffff88000009fff0]
[    0.000000] Scanning 1 areas for low memory corruption
[    0.000000] RAMDISK: [mem 0x36aba000-0x37554fff]
[    0.000000] ACPI: Early table checksum verification disabled
[    0.000000] ACPI: RSDP 0x00000000000E0000 000024 (v02 VBOX  )
[    0.000000] ACPI: XSDT 0x000000005FFF0030 00003C (v01 VBOX   VBOXXSDT 00000001 ASL  00000061)
[    0.000000] ACPI: FACP 0x000000005FFF00F0 0000F4 (v04 VBOX   VBOXFACP 00000001 ASL  00000061)
[    0.000000] ACPI: DSDT 0x000000005FFF0470 0021C8 (v02 VBOX   VBOXBIOS 00000002 INTL 20100528)
[    0.000000] ACPI: FACS 0x000000005FFF0200 000040
[    0.000000] ACPI: FACS 0x000000005FFF0200 000040
[    0.000000] ACPI: APIC 0x000000005FFF0240 00005C (v02 VBOX   VBOXAPIC 00000001 ASL  00000061)
[    0.000000] ACPI: SSDT 0x000000005FFF02A0 0001CC (v01 VBOX   VBOXCPUT 00000002 INTL 20100528)
[    0.000000] No NUMA configuration found
[    0.000000] Faking a node at [mem 0x0000000000000000-0x000000005ffeffff]
[    0.000000] NODE_DATA(0) allocated [mem 0x5ffeb000-0x5ffeffff]
[    0.000000] kvm-clock: Using msrs 4b564d01 and 4b564d00
[    0.000000] kvm-clock: cpu 0, msr 0:5ffe3001, primary cpu clock
[    0.000000] kvm-clock: using sched offset of 3192605230 cycles
[    0.000000] clocksource: kvm-clock: mask: 0xffffffffffffffff max_cycles: 0x1cd42e4dffb, max_idle_ns: 881590591483 ns
[    0.000000] Zone ranges:
[    0.000000]   DMA      [mem 0x0000000000001000-0x0000000000ffffff]
[    0.000000]   DMA32    [mem 0x0000000001000000-0x000000005ffeffff]
[    0.000000]   Normal   empty
[    0.000000]   Device   empty
[    0.000000] Movable zone start for each node
[    0.000000] Early memory node ranges
[    0.000000]   node   0: [mem 0x0000000000001000-0x000000000009efff]
[    0.000000]   node   0: [mem 0x0000000000100000-0x000000005ffeffff]
[    0.000000] Initmem setup node 0 [mem 0x0000000000001000-0x000000005ffeffff]
[    0.000000] ACPI: PM-Timer IO Port: 0x4008
[    0.000000] IOAPIC[0]: apic_id 2, version 32, address 0xfec00000, GSI 0-23
[    0.000000] ACPI: INT_SRC_OVR (bus 0 bus_irq 0 global_irq 2 dfl dfl)
[    0.000000] ACPI: INT_SRC_OVR (bus 0 bus_irq 9 global_irq 9 high level)
[    0.000000] Using ACPI (MADT) for SMP configuration information
[    0.000000] smpboot: Allowing 2 CPUs, 0 hotplug CPUs
[    0.000000] PM: Registered nosave memory: [mem 0x00000000-0x00000fff]
[    0.000000] PM: Registered nosave memory: [mem 0x0009f000-0x0009ffff]
[    0.000000] PM: Registered nosave memory: [mem 0x000a0000-0x000effff]
[    0.000000] PM: Registered nosave memory: [mem 0x000f0000-0x000fffff]
[    0.000000] e820: [mem 0x60000000-0xfebfffff] available for PCI devices
[    0.000000] Booting paravirtualized kernel on KVM
[    0.000000] clocksource: refined-jiffies: mask: 0xffffffff max_cycles: 0xffffffff, max_idle_ns: 7645519600211568 ns
[    0.000000] setup_percpu: NR_CPUS:512 nr_cpumask_bits:512 nr_cpu_ids:2 nr_node_ids:1
[    0.000000] PERCPU: Embedded 33 pages/cpu @ffff88005fc00000 s98264 r8192 d28712 u1048576
[    0.000000] PV qspinlock hash table entries: 256 (order: 0, 4096 bytes)
[    0.000000] Built 1 zonelists in Node order, mobility grouping on.  Total pages: 386937
[    0.000000] Policy zone: DMA32
[    0.000000] Kernel command line: BOOT_IMAGE=/boot/vmlinuz-4.4.0-78-generic root=LABEL=cloudimg-rootfs ro console=tty1 console=ttyS0
[    0.000000] PID hash table entries: 4096 (order: 3, 32768 bytes)
[    0.000000] Memory: 1517816K/1572408K available (8469K kernel code, 1294K rwdata, 3984K rodata, 1484K init, 1316K bss, 54592K reserved, 0K cma-reserved)
[    0.000000] SLUB: HWalign=64, Order=0-3, MinObjects=0, CPUs=2, Nodes=1
[    0.000000] Hierarchical RCU implementation.
[    0.000000] 	Build-time adjustment of leaf fanout to 64.
[    0.000000] 	RCU restricting CPUs from NR_CPUS=512 to nr_cpu_ids=2.
[    0.000000] RCU: Adjusting geometry for rcu_fanout_leaf=64, nr_cpu_ids=2
[    0.000000] NR_IRQS:33024 nr_irqs:440 16
[    0.000000] Console: colour VGA+ 80x25
[    0.000000] console [tty1] enabled
[    0.000000] console [ttyS0] enabled
[    0.000000] tsc: Detected 2990.304 MHz processor
[    0.930306] Calibrating delay loop (skipped) preset value.. 5980.60 BogoMIPS (lpj=11961216)
[    0.941410] pid_max: default: 32768 minimum: 301
[    0.953196] ACPI: Core revision 20150930
[    0.961398] ACPI: 2 ACPI AML tables successfully acquired and loaded
[    0.980022] Security Framework initialized
[    0.990612] Yama: becoming mindful.
[    0.991467] AppArmor: AppArmor initialized
[    1.007270] Dentry cache hash table entries: 262144 (order: 9, 2097152 bytes)
[    1.020090] Inode-cache hash table entries: 131072 (order: 8, 1048576 bytes)
[    1.041158] Mount-cache hash table entries: 4096 (order: 3, 32768 bytes)
[    1.071764] Mountpoint-cache hash table entries: 4096 (order: 3, 32768 bytes)
[    1.100535] Initializing cgroup subsys io
[    1.108388] Initializing cgroup subsys memory
[    1.110744] Initializing cgroup subsys devices
[    1.123901] Initializing cgroup subsys freezer
[    1.141371] Initializing cgroup subsys net_cls
[    1.164157] Initializing cgroup subsys perf_event
[    1.177491] Initializing cgroup subsys net_prio
[    1.185130] Initializing cgroup subsys hugetlb
[    1.207797] Initializing cgroup subsys pids
[    1.231358] CPU: Physical Processor ID: 0
[    1.284115] CPU: Processor Core ID: 0
[    1.297063] mce: CPU supports 0 MCE banks
[    1.331668] Last level iTLB entries: 4KB 512, 2MB 8, 4MB 8
[    1.372430] Last level dTLB entries: 4KB 512, 2MB 32, 4MB 32, 1GB 0
[    1.380158] Freeing SMP alternatives memory: 32K (ffffffff820b8000 - ffffffff820c0000)
[    1.389532] ftrace: allocating 32120 entries in 126 pages
[    1.529085] smpboot: APIC(0) Converting physical 0 to logical package 0
[    1.628252] smpboot: Max logical packages: 1
[    1.664456] x2apic enabled
[    1.703429] Switched APIC routing to physical x2apic.
[    1.721533] ..TIMER: vector=0x30 apic1=0 pin1=2 apic2=-1 pin2=-1
[    1.863905] smpboot: CPU0: Intel(R) Core(TM) i7-3540M CPU @ 3.00GHz (family: 0x6, model: 0x3a, stepping: 0x9)
[    1.881538] Performance Events: unsupported p6 CPU model 58 no PMU driver, software events only.
[    1.883158] KVM setup paravirtual spinlock
[    1.890727] x86: Booting SMP configuration:
[    1.891470] .... node  #0, CPUs:      #1
[    1.906136] kvm-clock: cpu 1, msr 0:5ffe3041, secondary cpu clock
[    1.950914] mce: CPU supports 0 MCE banks
[    1.953543] x86: Booted up 1 node, 2 CPUs
[    1.970356] smpboot: Total of 2 processors activated (11961.21 BogoMIPS)
[    2.026969] devtmpfs: initialized
[    2.068154] evm: security.selinux
[    2.080382] evm: security.SMACK64
[    2.081019] evm: security.SMACK64EXEC
[    2.088747] evm: security.SMACK64TRANSMUTE
[    2.124943] evm: security.SMACK64MMAP
[    2.125624] evm: security.ima
[    2.157669] evm: security.capability
[    2.193932] clocksource: jiffies: mask: 0xffffffff max_cycles: 0xffffffff, max_idle_ns: 7645041785100000 ns
[    2.232755] futex hash table entries: 512 (order: 3, 32768 bytes)
[    2.241787] pinctrl core: initialized pinctrl subsystem
[    2.266477] RTC time: 19:03:34, date: 06/09/17
[    2.293964] NET: Registered protocol family 16
[    2.325475] cpuidle: using governor ladder
[    2.341041] cpuidle: using governor menu
[    2.359401] PCCT header not found.
[    2.379152] ACPI: bus type PCI registered
[    2.409067] acpiphp: ACPI Hot Plug PCI Controller Driver version: 0.5
[    2.484960] PCI: Using configuration type 1 for base access
[    2.545828] ACPI: Added _OSI(Module Device)
[    2.605807] ACPI: Added _OSI(Processor Device)
[    2.646339] ACPI: Added _OSI(3.0 _SCP Extensions)
[    2.652738] ACPI: Added _OSI(Processor Aggregator Device)
[    2.654266] ACPI: Executed 1 blocks of module-level executable AML code
[    2.658894] ACPI: Interpreter enabled
[    2.671628] ACPI: (supports S0 S5)
[    2.672268] ACPI: Using IOAPIC for interrupt routing
[    2.680789] PCI: Using host bridge windows from ACPI; if necessary, use "pci=nocrs" and report a bug
[    2.700697] ACPI: PCI Root Bridge [PCI0] (domain 0000 [bus 00-ff])
[    2.702657] acpi PNP0A03:00: _OSC: OS supports [ASPM ClockPM Segments MSI]
[    2.705459] acpi PNP0A03:00: _OSC failed (AE_NOT_FOUND); disabling ASPM
[    2.715070] acpi PNP0A03:00: fail to add MMCONFIG information, can't access extended PCI configuration space under this bridge.
[    2.742656] PCI host bridge to bus 0000:00
[    2.753384] pci_bus 0000:00: root bus resource [io  0x0000-0x0cf7 window]
[    2.787777] pci_bus 0000:00: root bus resource [io  0x0d00-0xffff window]
[    2.818525] pci_bus 0000:00: root bus resource [mem 0x000a0000-0x000bffff window]
[    2.829192] pci_bus 0000:00: root bus resource [mem 0x60000000-0xffdfffff window]
[    2.836047] pci_bus 0000:00: root bus resource [bus 00-ff]
[    2.855140] pci 0000:00:01.1: legacy IDE quirk: reg 0x10: [io  0x01f0-0x01f7]
[    2.894923] pci 0000:00:01.1: legacy IDE quirk: reg 0x14: [io  0x03f6]
[    2.924364] pci 0000:00:01.1: legacy IDE quirk: reg 0x18: [io  0x0170-0x0177]
[    2.988385] pci 0000:00:01.1: legacy IDE quirk: reg 0x1c: [io  0x0376]
[    3.067231] pci 0000:00:07.0: quirk: [io  0x4000-0x403f] claimed by PIIX4 ACPI
[    3.084335] pci 0000:00:07.0: quirk: [io  0x4100-0x410f] claimed by PIIX4 SMB
[    3.136685] ACPI: PCI Interrupt Link [LNKA] (IRQs 5 9 10 *11)
[    3.206297] ACPI: PCI Interrupt Link [LNKB] (IRQs 5 9 10 *11)
[    3.239663] ACPI: PCI Interrupt Link [LNKC] (IRQs 5 9 *10 11)
[    3.241061] ACPI: PCI Interrupt Link [LNKD] (IRQs 5 *9 10 11)
[    3.248625] ACPI: Enabled 2 GPEs in block 00 to 07
[    3.249880] vgaarb: setting as boot device: PCI:0000:00:02.0
[    3.295244] vgaarb: device added: PCI:0000:00:02.0,decodes=io+mem,owns=io+mem,locks=none
[    3.297383] vgaarb: loaded
[    3.298343] vgaarb: bridge control possible 0000:00:02.0
[    3.299966] SCSI subsystem initialized
[    3.301167] ACPI: bus type USB registered
[    3.302217] usbcore: registered new interface driver usbfs
[    3.305314] usbcore: registered new interface driver hub
[    3.308210] usbcore: registered new device driver usb
[    3.338514] PCI: Using ACPI for IRQ routing
[    3.348713] NetLabel: Initializing
[    3.356247] NetLabel:  domain hash size = 128
[    3.377531] NetLabel:  protocols = UNLABELED CIPSOv4
[    3.392912] NetLabel:  unlabeled traffic allowed by default
[    3.429913] amd_nb: Cannot enumerate AMD northbridges
[    3.484469] clocksource: Switched to clocksource kvm-clock
[    3.556422] AppArmor: AppArmor Filesystem Enabled
[    3.653579] pnp: PnP ACPI init
[    3.690757] pnp: PnP ACPI: found 3 devices
[    3.700456] clocksource: acpi_pm: mask: 0xffffff max_cycles: 0xffffff, max_idle_ns: 2085701024 ns
[    3.712078] NET: Registered protocol family 2
[    3.712976] TCP established hash table entries: 16384 (order: 5, 131072 bytes)
[    3.717926] TCP bind hash table entries: 16384 (order: 6, 262144 bytes)
[    3.748987] TCP: Hash tables configured (established 16384 bind 16384)
[    3.765121] UDP hash table entries: 1024 (order: 3, 32768 bytes)
[    3.770168] UDP-Lite hash table entries: 1024 (order: 3, 32768 bytes)
[    3.771235] NET: Registered protocol family 1
[    3.772016] pci 0000:00:00.0: Limiting direct PCI/PCI transfers
[    3.787307] pci 0000:00:01.0: Activating ISA DMA hang workarounds
[    3.799898] Unpacking initramfs...
[    5.350176] Freeing initrd memory: 10860K (ffff880036aba000 - ffff880037555000)
[    5.410931] RAPL PMU detected, API unit is 2^-32 Joules, 3 fixed counters 10737418240 ms ovfl timer
[    5.435958] hw unit of domain pp0-core 2^-0 Joules
[    5.437316] hw unit of domain package 2^-0 Joules
[    5.438559] hw unit of domain pp1-gpu 2^-0 Joules
[    5.439843] platform rtc_cmos: registered platform RTC device (no PNP device found)
[    5.441951] Scanning for low memory corruption every 60 seconds
[    5.448981] audit: initializing netlink subsys (disabled)
[    5.487196] audit: type=2000 audit(1497035019.736:1): initialized
[    5.497543] Initialise system trusted keyring
[    5.503482] HugeTLB registered 2 MB page size, pre-allocated 0 pages
[    5.541908] zbud: loaded
[    5.553405] VFS: Disk quotas dquot_6.6.0
[    5.558192] VFS: Dquot-cache hash table entries: 512 (order 0, 4096 bytes)
[    5.560907] squashfs: version 4.0 (2009/01/31) Phillip Lougher
[    5.566118] fuse init (API version 7.23)
[    5.576294] Key type big_key registered
[    5.577053] Allocating IMA MOK and blacklist keyrings.
[    5.581979] Key type asymmetric registered
[    5.590957] Asymmetric key parser 'x509' registered
[    5.682817] Block layer SCSI generic (bsg) driver version 0.4 loaded (major 249)
[    5.709869] io scheduler noop registered
[    5.722916] io scheduler deadline registered (default)
[    5.724335] io scheduler cfq registered
[    5.729761] pci_hotplug: PCI Hot Plug PCI Core version: 0.5
[    5.737334] pciehp: PCI Express Hot Plug Controller Driver version: 0.4
[    5.744419] ACPI: AC Adapter [AC] (on-line)
[    5.749452] input: Power Button as /devices/LNXSYSTM:00/LNXPWRBN:00/input/input0
[    5.759485] ACPI: Power Button [PWRF]
[    5.772190] input: Sleep Button as /devices/LNXSYSTM:00/LNXSLPBN:00/input/input1
[    5.799274] ACPI: Sleep Button [SLPF]
[    5.820637] GHES: HEST is not enabled!
[    5.820738] ACPI: Battery Slot [BAT0] (battery present)
[    6.028447] Serial: 8250/16550 driver, 32 ports, IRQ sharing enabled
[    6.051545] 00:02: ttyS0 at I/O 0x3f8 (irq = 4, base_baud = 115200) is a 16550A
[    6.061192] Linux agpgart interface v0.103
[    6.067762] loop: module loaded
[    6.070448] scsi host0: ata_piix
[    6.139462] scsi host1: ata_piix
[    6.190432] ata1: PATA max UDMA/33 cmd 0x1f0 ctl 0x3f6 bmdma 0xd000 irq 14
[    6.210067] ata2: PATA max UDMA/33 cmd 0x170 ctl 0x376 bmdma 0xd008 irq 15
[    6.231702] libphy: Fixed MDIO Bus: probed
[    6.253134] tun: Universal TUN/TAP device driver, 1.6
[    6.264831] tun: (C) 1999-2004 Max Krasnyansky <maxk@qualcomm.com>
[    6.266210] PPP generic driver version 2.4.2
[    6.268837] ehci_hcd: USB 2.0 'Enhanced' Host Controller (EHCI) Driver
[    6.273616] ehci-pci: EHCI PCI platform driver
[    6.277908] ehci-platform: EHCI generic platform driver
[    6.281966] ohci_hcd: USB 1.1 'Open' Host Controller (OHCI) Driver
[    6.285123] ohci-pci: OHCI PCI platform driver
[    6.287821] ohci-platform: OHCI generic platform driver
[    6.290471] uhci_hcd: USB Universal Host Controller Interface driver
[    6.294307] i8042: PNP: PS/2 Controller [PNP0303:PS2K,PNP0f03:PS2M] at 0x60,0x64 irq 1,12
[    6.308283] serio: i8042 KBD port at 0x60,0x64 irq 1
[    6.310679] serio: i8042 AUX port at 0x60,0x64 irq 12
[    6.311643] mousedev: PS/2 mouse device common for all mice
[    6.362357] rtc_cmos rtc_cmos: rtc core: registered rtc_cmos as rtc0
[    6.426254] input: AT Translated Set 2 keyboard as /devices/platform/i8042/serio0/input/input2
[    6.428873] rtc_cmos rtc_cmos: alarms up to one day, 114 bytes nvram
[    6.436694] tsc: Refined TSC clocksource calibration: 2990.833 MHz
[    6.436773] i2c /dev entries driver
[    6.436834] device-mapper: uevent: version 1.0.3
[    6.436909] device-mapper: ioctl: 4.34.0-ioctl (2015-10-28) initialised: dm-devel@redhat.com
[    6.436929] ledtrig-cpu: registered to indicate activity on CPUs
[    6.508915] NET: Registered protocol family 10
[    6.509119] NET: Registered protocol family 17
[    6.509132] Key type dns_resolver registered
[    6.512824] microcode: CPU0 sig=0x306a9, pf=0x2, revision=0x19
[    6.512861] microcode: CPU1 sig=0x306a9, pf=0x2, revision=0x19
[    6.512972] microcode: Microcode Update Driver: v2.01 <tigran@aivazian.fsnet.co.uk>, Peter Oruba
[    6.513140] registered taskstats version 1
[    6.513151] Loading compiled-in X.509 certificates
[    6.514049] Loaded X.509 cert 'Build time autogenerated kernel key: 779fd75203f0d36b99b83c7328fac831ec7adf9e'
[    6.514077] zswap: loaded using pool lzo/zbud
[    6.515418] Key type trusted registered
[    6.517714] Key type encrypted registered
[    6.517721] AppArmor: AppArmor sha1 policy hashing enabled
[    6.517724] ima: No TPM chip found, activating TPM-bypass!
[    6.517746] evm: HMAC attrs: 0x1
[    6.518153]   Magic number: 5:205:91
[    6.544918] rtc_cmos rtc_cmos: setting system clock to 2017-06-09 19:03:38 UTC (1497035018)
[    6.545066] BIOS EDD facility v0.16 2004-Jun-25, 0 devices found
[    6.545066] EDD information not available.
[    6.846609] clocksource: tsc: mask: 0xffffffffffffffff max_cycles: 0x2b1c719c000, max_idle_ns: 440795211671 ns
[    6.857551] Freeing unused kernel memory: 1484K (ffffffff81f45000 - ffffffff820b8000)
[    6.860754] Write protecting the kernel read-only data: 14336k
[    6.862259] Freeing unused kernel memory: 1760K (ffff880001848000 - ffff880001a00000)
[    6.872518] Freeing unused kernel memory: 112K (ffff880001de4000 - ffff880001e00000)
Loading, please wait...
starting version[    6.890085] random: systemd-udevd: uninitialized urandom read (16 bytes read, 3 bits of entropy available)
 229
[    6.890639] random: udevadm: uninitialized urandom read (16 bytes read, 3 bits of entropy available)
[    6.890674] random: udevadm: uninitialized urandom read (16 bytes read, 3 bits of entropy available)
[    6.890789] random: udevadm: uninitialized urandom read (16 bytes read, 3 bits of entropy available)
[    6.890833] random: udevadm: uninitialized urandom read (16 bytes read, 3 bits of entropy available)
[    6.890876] random: udevadm: uninitialized urandom read (16 bytes read, 3 bits of entropy available)
[    6.890947] random: udevadm: uninitialized urandom read (16 bytes read, 3 bits of entropy available)
[    6.890996] random: udevadm: uninitialized urandom read (16 bytes read, 3 bits of entropy available)
[    6.891039] random: udevadm: uninitialized urandom read (16 bytes read, 3 bits of entropy available)
[    6.891079] random: udevadm: uninitialized urandom read (16 bytes read, 3 bits of entropy available)
[    7.052568] e1000: Intel(R) PRO/1000 Network Driver - version 7.3.21-k8-NAPI
[    7.139588] e1000: Copyright (c) 1999-2006 Intel Corporation.
[    7.162839] Fusion MPT base driver 3.04.20
[    7.169971] Copyright (c) 1999-2008 LSI Corporation
[    7.177160] Fusion MPT SPI Host driver 3.04.20
[    7.210816] AVX version of gcm_enc/dec engaged.
[    7.242479] AES CTR mode by8 optimization enabled
[    7.374292] input: ImExPS/2 Generic Explorer Mouse as /devices/platform/i8042/serio1/input/input4
[    7.556401] e1000 0000:00:03.0 eth0: (PCI:33MHz:32-bit) 02:ed:99:f0:3e:73
[    7.569697] e1000 0000:00:03.0 eth0: Intel(R) PRO/1000 Network Connection
[    7.574127] mptbase: ioc0: Initiating bringup
[    7.576795] e1000 0000:00:03.0 enp0s3: renamed from eth0
[    7.652343] ioc0: LSI53C1030 A0: Capabilities={Initiator}
[    7.923728] scsi host2: ioc0: LSI53C1030 A0, FwRev=00000000h, Ports=1, MaxQ=256, IRQ=20
[    8.166507] scsi 2:0:0:0: Direct-Access     VBOX     HARDDISK         1.0  PQ: 0 ANSI: 5
[    8.347535] scsi target2:0:0: Beginning Domain Validation
[    8.480534] scsi target2:0:0: Domain Validation skipping write tests
[    8.482123] scsi target2:0:0: Ending Domain Validation
[    8.484585] scsi target2:0:0: asynchronous
[    8.487585] scsi 2:0:1:0: Direct-Access     VBOX     HARDDISK         1.0  PQ: 0 ANSI: 5
[    8.578226] scsi target2:0:1: Beginning Domain Validation
[    8.579800] scsi target2:0:1: Domain Validation skipping write tests
[    8.627447] scsi target2:0:1: Ending Domain Validation
[    8.629437] scsi target2:0:1: asynchronous
[    8.641341] sd 2:0:0:0: Attached scsi generic sg0 type 0
[    8.644828] sd 2:0:0:0: [sda] 20971520 512-byte logical blocks: (10.7 GB/10.0 GiB)
[    8.656184] sd 2:0:0:0: [sda] Write Protect is off
[    8.693709] sd 2:0:1:0: Attached scsi generic sg1 type 0
[    8.693735] sd 2:0:1:0: [sdb] 20480 512-byte logical blocks: (10.5 MB/10.0 MiB)
[    8.693809] sd 2:0:0:0: [sda] Incomplete mode parameter data
[    8.693811] sd 2:0:0:0: [sda] Assuming drive cache: write through
[    8.693893] sd 2:0:1:0: [sdb] Write Protect is off
[    8.693987] sd 2:0:1:0: [sdb] Incomplete mode parameter data
[    8.693988] sd 2:0:1:0: [sdb] Assuming drive cache: write through
[    8.697681]  sda: sda1
[    8.698323] sd 2:0:0:0: [sda] Attached SCSI disk
[    8.698823] sd 2:0:1:0: [sdb] Attached SCSI disk
[   10.153713] floppy0: no floppy controllers found
Begin: Loading e[   11.582935] md: linear personality registered for level -1
ssential drivers[   11.612808] md: multipath personality registered for level -4
 ... [   11.736127] md: raid0 personality registered for level 0
[   11.785569] md: raid1 personality registered for level 1
[   11.980582] raid6: sse2x1   gen()  8454 MB/s
[   12.100602] raid6: sse2x1   xor()  7321 MB/s
[   12.220622] raid6: sse2x2   gen() 11618 MB/s
[   12.288640] raid6: sse2x2   xor()  7483 MB/s
[   12.368606] raid6: sse2x4   gen() 13184 MB/s
[   12.444638] raid6: sse2x4   xor()  9963 MB/s
[   12.498813] raid6: using algorithm sse2x4 gen() 13184 MB/s
[   12.529316] raid6: .... xor() 9963 MB/s, rmw enabled
[   12.530175] raid6: using ssse3x2 recovery algorithm
[   12.532397] xor: automatically using best checksumming function:
[   12.716637]    avx       : 19339.000 MB/sec
[   12.787426] async_tx: api initialized (async)
[   12.840106] md: raid6 personality registered for level 6
[   12.854106] md: raid5 personality registered for level 5
[   12.892301] md: raid4 personality registered for level 4
[   12.907492] md: raid10 personality registered for level 10
done.
Begin: Running /scripts/init-premount ... done[   12.938762] Btrfs loaded
.
Begin: Mounting root file system ... Begin: Running /scripts/local-top ... done.
Begin: Running /scripts/local-premount ... Scanning for Btrfs filesystems
done.
Warning: fsck not present, so sk[   13.009246] EXT4-fs (sda1): mounted filesystem with ordered data mode. Opts: (null)
ipping root file system
done.
Begin: Running /scripts/local-bottom ... done.
Begin: Running /scripts/init-bottom ... done.
[   13.123468] systemd[1]: systemd 229 running in system mode. (+PAM +AUDIT +SELINUX +IMA +APPARMOR +SMACK +SYSVINIT +UTMP +LIBCRYPTSETUP +GCRYPT +GNUTLS +ACL +XZ -LZ4 +SECCOMP +BLKID +ELFUTILS +KMOD -IDN)
[   13.303777] systemd[1]: Detected virtualization oracle.
[   13.359914] systemd[1]: Detected architecture x86-64.

Welcome to [1mUbuntu 16.04.2 LTS[0m!

[   13.429365] systemd[1]: Set hostname to <ubuntu>.
[   13.500768] systemd[1]: Initializing machine ID from random generator.
[   13.585383] systemd[1]: Installed transient /etc/machine-id file.
[   13.766481] systemd[1]: Listening on /dev/initctl Compatibility Named Pipe.
[[0;32m  OK  [0m] Listening on /dev/initctl Compatibility Named Pipe.
[   13.835466] systemd[1]: Created slice System Slice.
[[0;32m  OK  [0m] Created slice System Slice.
[   13.865208] systemd[1]: Listening on Journal Socket (/dev/log).
[[0;32m  OK  [0m] Listening on Journal Socket (/dev/log).
[   13.969194] systemd[1]: Set up automount Arbitrary Executable File Formats File System Automount Point.
[[0;32m  OK  [0m] Set up automount Arbitrary Executab...ats File System Automount Point.
[   14.013466] systemd[1]: Created slice User and Session Slice.
[[0;32m  OK  [0m] Created slice User and Session Slice.
[   14.060136] systemd[1]: Reached target User and Group Name Lookups.
[[0;32m  OK  [0m] Reached target User and Group Name Lookups.
[   14.103485] systemd[1]: Started Forward Password Requests to Wall Directory Watch.
[[0;32m  OK  [0m] Started Forward Password Requests to Wall Directory Watch.
[   14.169075] systemd[1]: Listening on Syslog Socket.
[[0;32m  OK  [0m] Listening on Syslog Socket.
[   14.256114] systemd[1]: Reached target Encrypted Volumes.
[[0;32m  OK  [0m] Reached target Encrypted Volumes.
[   14.296047] systemd[1]: Listening on udev Kernel Socket.
[[0;32m  OK  [0m] Listening on udev Kernel Socket.
[   14.319670] systemd[1]: Listening on udev Control Socket.
[[0;32m  OK  [0m] Listening on udev Control Socket.
[   14.361076] systemd[1]: Listening on Journal Socket.
[[0;32m  OK  [0m] Listening on Journal Socket.
[   14.412652] systemd[1]: Starting Remount Root and Kernel File Systems...
[   14.418285] EXT4-fs (sda1): re-mounted. Opts: (null)
         Starting Remount Root and Kernel File Systems...
[   14.485614] systemd[1]: Mounting POSIX Message Queue File System...
         Mounting POSIX Message Queue File System...
[   14.524654] systemd[1]: Starting Set console keymap...
         Starting Set console keymap...
[   14.549210] systemd[1]: Starting Load Kernel Modules...
         Startin[   14.564752] Loading iSCSI transport class v2.0-870.
g Load Kernel Modules...
[   14.570751] systemd[1]: Reached target Slices.
[[0;32m  OK  [0m] Reached target Slices.
[   14.580807] iscsi: registered transport (tcp)
[   14.604658] systemd[1]: Starting Uncomplicated firewall...
         Starting Uncomplicated [   14.648706] iscsi: registered transport (iser)
firewall...
[   14.677074] systemd[1]: Started Trigger resolvconf update for networkd DNS.
[[0;32m  OK  [0m] Started Trigger resolvconf update for networkd DNS.
[   14.737147] systemd[1]: Listening on LVM2 poll daemon socket.
[[0;32m  OK  [0m] Listening on LVM2 poll daemon socket.
[   14.781357] systemd[1]: Created slice system-serial\x2dgetty.slice.
[[0;32m  OK  [0m] Created slice system-serial\x2dgetty.slice.
[   14.812999] systemd[1]: Mounting Huge Pages File System...
         Mounting Huge Pages File System...
[   14.904584] systemd[1]: Starting Nameserver information manager...
         Starting Nameserver information manager...
[   14.953180] systemd[1]: Listening on Journal Audit Socket.
[[0;32m  OK  [0m] Listening on Journal Audit Socket.
[   14.992608] systemd[1]: Starting Journal Service...
[   14.996166] random: nonblocking pool is initialized
         Starting Journal Service...
[   15.046872] systemd[1]: Reached target Swap.
[[0;32m  OK  [0m] Reached target Swap.
[   15.056580] systemd[1]: Mounting Debug File System...
         Mounting Debug File System...
[   15.062990] systemd[1]: Listening on Device-mapper event daemon FIFOs.
[[0;32m  OK  [0m] Listening on Device-mapper event daemon FIFOs.
[   15.070181] systemd[1]: Listening on LVM2 metadata daemon socket.
[[0;32m  OK  [0m] Listening on LVM2 metadata daemon socket.
[   15.083571] systemd[1]: Starting Monitoring of LVM2 mirrors, snapshots etc. using dmeventd or progress polling...
         Starting Monitoring of LVM2 mirrors... dmeventd or progress polling...
[   15.157166] systemd[1]: Starting Create list of required static device nodes for the current kernel...
         Starting Create list of required st... nodes for the current kernel...
[   15.210705] systemd[1]: Mounted Debug File System.
[[0;32m  OK  [0m] Mounted Debug File System.
[   15.221048] systemd[1]: Mounted POSIX Message Queue File System.
[[0;32m  OK  [0m] Mounted POSIX Message Queue File System.
[   15.273177] systemd[1]: Mounted Huge Pages File System.
[[0;32m  OK  [0m] Mounted Huge Pages File System.
[   15.356851] systemd[1]: Started Journal Service.
[[0;32m  OK  [0m] Started Journal Service.
[[0;32m  OK  [0m] Started Remount Root and Kernel File Systems.
[[0;32m  OK  [0m] Started Set console keymap.
[[0;32m  OK  [0m] Started Load Kernel Modules.
[[0;32m  OK  [0m] Started Uncomplicated firewall.
[[0;32m  OK  [0m] Started Create list of required sta...ce nodes for the current kernel.
[[0;32m  OK  [0m] Started Nameserver information manager.
[[0;32m  OK  [0m] Started LVM2 metadata daemon.
         Starting Create Static Device Nodes in /dev...
         Starting Apply Kernel Variables...
         Mounting FUSE Control File System...
         Starting Initial cloud-init job (pre-networking)...
         Starting Load/Save Random Seed...
         Starting udev Coldplug all Devices...
         Starting Flush Journal to Persistent Storage...
[[0;32m  OK  [0m] Mounted FUSE Control File System.
[[0;32m  OK  [0m] Started Create Static Device Nodes in /dev.
[[0;32m  OK  [0m] Started Apply Kernel Variables.
[[0;32m  OK  [0m] Started Load/Save Random Seed.
[[0;32m  OK  [0m] Started Flush Journal to Persistent Storage.
[[0;32m  OK  [0m] Started udev Coldplug all Devices.
         Starting udev Kernel Device Manager...
[[0;32m  OK  [0m] Started udev Kernel Device Manager.
[[0;32m  OK  [0m] Started Monitoring of LVM2 mirrors,...ng dmeventd or progress polling.
[[0;32m  OK  [0m] Reached target Local File Systems (Pre).
[[0;32m  OK  [0m] Reached target Local File Systems.
         Starting Set console font and keymap...
         Starting Commit a transient machine-id on disk...
         Starting Create Volatile Files and Directories...
         Starting Tell Plymouth To Write Out Runtime Data...
         Starting LSB: AppArmor initialization...
[[0;32m  OK  [0m] Started Dispatch Password Requests to Console Directory Watch.
[[0;32m  OK  [0m] Started Commit a transient machine-id on disk.
[[0;32m  OK  [0m] Started Create Volatile Files and Directories.
[[0;32m  OK  [0m] Started Tell Plymouth To Write Out Runtime Data.
[[0;32m  OK  [0m] Found device /dev/ttyS0.
[[0;32m  OK  [0m] Listening on Load/Save RF Kill Switch Status /dev/rfkill Watch.
[[0;32m  OK  [0m] Reached target System Time Synchronized.
         Starting Update UTMP about System Boot/Shutdown...
[[0;32m  OK  [0m] Started Set console font and keymap.
[[0;32m  OK  [0m] Started Update UTMP about System Boot/Shutdown.
[[0;32m  OK  [0m] Created slice system-getty.slice.
[   14.508370] cloud-init[441]: Cloud-init v. 0.7.9 running 'init-local' at Fri, 09 Jun 2017 19:03:48 +0000. Up 13.96 seconds.
[[0;32m  OK  [0m] Started Initial cloud-init job (pre-networking).
[[0;32m  OK  [0m] Reached target Network (Pre).
[[0;32m  OK  [0m] Started LSB: AppArmor initialization.
         Starting Raise network interfaces...
[[0;32m  OK  [0m] Started Raise network interfaces.
         Starting Initial cloud-init job (metadata service crawler)...
[[0;32m  OK  [0m] Reached target Network.
[   17.463473] cloud-init[921]: Cloud-init v. 0.7.9 running 'init' at Fri, 09 Jun 2017 19:03:51 +0000. Up 16.99 seconds.
[[0;32m  OK  [0m] Started Initial cloud-init job (metadata service crawler).
[   17.549429] cloud-init[921]: ci-info: +++++++++++++++++++++++++++++++++++++Net device info++++++++++++++++++++++++++++++++++++++[[0;32m  OK  [0m] Reached target System Initialization.

[   17.684879] [[0;32m  OK  [0m] Started Timer to automatically refresh installed snaps.
cloud-init[921]: ci-info: +--------+------+----------------------------+---------------+-------+-------------------+
         Starting LXD - unix socket.
[   17.747564] [[0;32m  OK  [0m] Started Daily apt activities.
[[0;32m  OK  [0m] Started Daily Cleanup of Temporary Directories.
[[0;32m  OK  [0m] Reached target Timers.
[[0;32m  OK  [0m] Listening on D-Bus System Message Bus Socket.
[[0;32m  OK  [0m] Listening on ACPID Listen Socket.
         Starting Socket activation for snappy daemon.
cloud-init[921]: [[0;32m  OK  [0m] Started ACPI Events Check.
[[0;32m  OK  [0m] Reached target Paths.
[[0;32m  OK  [0m] Listening on UUID daemon activation socket.
[[0;32m  OK  [0m] Reached target Cloud-config availability.
ci-info: | Device |  Up  |          Address           |      Mask     | Scope |     Hw-Address    |
[   17.904919] [cloud-init[0;32m  OK  [0m[921]: ] ci-info: +--------+------+----------------------------+---------------+-------+-------------------+Reached target Network is Online.

[   18.047838] cloud-init[921]: ci-info: | enp0s3 | True |         10.0.2.15          | 255.255.255.0 |   .   | 02:ed:99:f0:3e:73 |
[   18.070105]          cloud-initStarting iSCSI initiator daemon (iscsid)...[921]: 
ci-info: | enp0s3 | True | fe80::ed:99ff:fef0:3e73/64 |       .       |  link | 02:ed:99:f0:3e:73 |
[[0;32m  OK  [0m] Listening on LXD - unix socket.
[   18.256617] [[0;32m  OK  [0m] Listening on Socket activation for snappy daemon.
cloud-init[921]: ci-info: |   lo   | True |         127.0.0.1          |   255.0.0.0   |   .   |         .         |
[   18.280951] cloud-init[921]: ci-info: |   lo   | True |          ::1/128           |       .       |  host |         .         |[[0;32m  OK  [0m] Reached target Sockets.
[
[   18.293822] cloud-init[921]: ci-info: +--------+------+----------------------------+---------------+-------+-------------------+
[0;32m  OK  [0m] Reached target Basic System.
[   18.293878] cloud-init[921]: ci-info: +++++++++++++++++++++++++++Route IPv4 info++++++++++++++++++++++++++++
[   18.424557] [cloud-init[0;32m  OK  [0m[921]: ] ci-info: +-------+-------------+----------+---------------+-----------+-------+Started Snappy daemon.

[   18.474962] [cloud-init[0;32m  OK  [0m[921]: ] ci-info: | Route | Destination | Gateway  |    Genmask    | Interface | Flags |Started Unattended Upgrades Shutdown.

[   18.475550] cloud-init[921]: ci-info: +-------+-------------+----------+---------------+-----------+-------+
[   18.636946] [cloud-init[0;32m  OK  [0m[921]: ] ci-info: |   0   |   0.0.0.0   | 10.0.2.2 |    0.0.0.0    |   enp0s3  |   UG  |Started FUSE filesystem for LXC.

[   18.638174] cloud-init[921]: ci-info: |   1   |   10.0.2.0  | 0.0.0.0  | 255.255.255.0 |   enp0s3  |   U   |
[   18.856193] cloud-init[921]: ci-info: +-------+-------------+----------+---------------+-----------+-------+
         Starting /etc/rc.local Compatibility...
[   18.865716] cloud-init[921]: Generating public/private rsa key pair.
[   18.869941] cloud-init[921]: Your identification has been saved in /etc/ssh/ssh_host_rsa_key.
[   18.880612] [[0;32m  OK  [0m] Started Regular background program processing daemon.
         Starting LXD - container startup/shutdown...
cloud-init[921]: Your public key has been saved in /etc/ssh/ssh_host_rsa_key.pub.         Starting Pollinate to seed the pseudo random number generator...
[[0;32m  OK  [0m] Started Deferred execution scheduler.
         Starting LSB: MD monitoring daemon...
         Starting LSB: Record successful boot for GRUB...
[[0;32m  OK  [0m] Started D-Bus System Message Bus.

[   18.965097] cloud-init[921]: The key fingerprint is:
[   18.976470]          Starting Auto import assertions from block devices...
cloud-init         [921]: Starting Login Service...SHA256:A5NjUQQmlFZr5yixh541B3aNlDqicJ66r1/JFd/4HPQ root@ubuntu-xenial

[   18.983846]          cloud-initStarting Accounts Service...[921]: 
The key's randomart image is:
[   18.989918] [[0;32m  OK  [0m] Started ACPI event daemon.
cloud-init[921]:          Starting System Logging Service...
         Starting Apply the settings specified in cloud-config...
[[0;32m  OK  [0m] Started iSCSI initiator daemon (iscsid).
[[0;32m  OK  [0m] Started /etc/rc.local Compatibility.
+---[RSA 2048]----+
[   19.052913] [cloud-init[0;32m  OK  [0m[921]: ] |   .oo=++.       |Started Auto import assertions from block devices.

[   19.105034] [cloud-init[0;32m  OK  [0m[921]: ] |    oo =.o       |Started System Logging Service.

[   19.117692] [cloud-init[0;32m  OK  [0m[921]: ] |   .. %.+ o      |Started LXD - container startup/shutdown.

[   19.118277] cloud-init[921]: |. . .Bo% + .     |
[   19.144672] cloud-init[921]: | + o+.*.S o E    |
[   19.147262] cloud-init[921]: |  +o B o + .     |
[   19.164441] cloud-init[921]: | .  *     o      |
[   19.174942] cloud-init[921]: |.  .             |
[   19.192501] cloud-init[921]: |o=o              |
[   19.223154] cloud-init[921]: +----[SHA256]-----+
[[0;32m  OK  [0m] Started LSB: MD monitoring daemon.
[[0;32m  OK  [0m] Started LSB: Record successful boot for GRUB.
[   19.239328] cloud-init[921]: Generating public/private dsa key pair.
[   19.380607] cloud-init[921]: Your identification has been saved in /etc/ssh/ssh_host_dsa_key.
[   19.447804] [[0;32m  OK  [0m] Started Login Service.
cloud-init[921]: Your public key has been saved in /etc/ssh/ssh_host_dsa_key.pub.
[   19.459006] cloud-init[921]: The key fingerprint is:
[   19.460914] cloud-init[921]: SHA256:pFWeBSKZQGrrmzWJ7JV0eyK4QuUE7J0zuej9jnluWt4 root@ubuntu-xenial
[   19.463401] cloud-init[921]: The key's randomart image is:
[   19.500253] cloud-init[921]: +---[DSA 1024]----+
[   19.500351] cloud-init[921]: |.  .o..o. o..    |
[   19.500467] cloud-init[921]: | o .  o. + o     |
[   19.500506] cloud-init[921]: |. = o   o o      |
[   19.500544] cloud-init[921]: | o X   +         |
[   19.500580] cloud-init[921]: |  * = o S        |
[   19.500618] cloud-init[921]: | = * + .         |
[   19.500654] cloud-init[921]: |o * B.o .        |
[   19.500691] cloud-init[921]: |.o B==.o         |
[   19.500727] cloud-init[921]: | .=+B= E         |
[   19.500762] cloud-init[921]: +----[SHA256]-----+
[   19.500799] cloud-init[921]: Generating public/private ecdsa key pair.
[   19.500848] cloud-init[921]: Your identification has been saved in /etc/ssh/ssh_host_ecdsa_key.
[   19.500890] cloud-init[921]: Your public key has been saved in /etc/ssh/ssh_host_ecdsa_key.pub.
[   19.500930] cloud-init[921]: The key fingerprint is:
[   19.500968] cloud-init[921]: SHA256:jlM3/24QZiC/wKI9qfH2MQOD9x2aPequlyf3WRd+9xA root@ubuntu-xenial
[   19.501004] cloud-init[921]: The key's randomart image is:
[   19.501040] cloud-init[921]: +---[ECDSA 256]---+
[   19.501076] cloud-init[921]: |                 |
[   19.501111] cloud-init[921]: |        . .      |
[   19.501147] cloud-init[921]: |       . o .     |
[   19.501184] cloud-init[921]: |     .. o . +    |
[   19.501221] cloud-init[921]: |    .o+oS.++ .E. |
[   19.501259] cloud-init[921]: |    o.+B *.+. ...|
[   19.501297] cloud-init[921]: |     +o.O.+ ..o.+|
[   19.501349] cloud-init[921]: |    . o.+=o. +.o+|
[   19.501389] cloud-init[921]: |     ..*=+ .ooo .|
[   19.501427] cloud-init[921]: +----[SHA256]-----+
[   19.501463] cloud-init[921]: Generating public/private ed25519 key pair.
[   19.501500] cloud-init[921]: Your identification has been saved in /etc/ssh/ssh_host_ed25519_key.
[   19.501536] cloud-init[921]: Your public key has been saved in /etc/ssh/ssh_host_ed25519_key.pub.
[   19.501573] cloud-init[921]: The key fingerprint is:
[   19.501610] cloud-init[921]: SHA256:zmxt9T2XkhsBR2Iki4TAFplv0zK1WnL5FfWNGZpr0Qc root@ubuntu-xenial
[   19.501645] cloud-init[921]: The key's randomart image is:
[   19.501682] cloud-init[921]: +--[ED25519 256]--+
[   19.501718] cloud-init[921]: |  .o= .. ..+.oE  |
[   19.501754] cloud-init[921]: |   = .... +.o+.=.|
[   19.501795] cloud-init[921]: |  . . o.o. .=.+.o|
[   19.501832] cloud-init[921]: |     B *   .oo . |
[   19.501884] cloud-init[921]: |    . O S . +.   |
[   19.501922] cloud-init[921]: |     . + o o .o..|
[   19.501958] cloud-init[921]: |        = o  +.oo|
[   19.501993] cloud-init[921]: |       . .    + o|
[   19.502030] cloud-init[921]: |             .   |
[   19.502067] cloud-init[921]: +----[SHA256]-----+
         Starting Authenticate and Authorize Users to Run Privileged Tasks...
[   19.510168] cloud-init[1103]: Generating locales (this might take a while)...
         Starting Login to default iSCSI targets...
[[0;32m  OK  [0m] Started Pollinate to seed the pseudo random number generator.
[[0;32m  OK  [0m] Started Authenticate and Authorize Users to Run Privileged Tasks.
[[0;32m  OK  [0m] Started Accounts Service.
[   20.212268] cloud-init[1103]:   en_US.UTF-8... done
[   20.260678] cloud-init[1103]: Generation complete.
         Starting OpenBSD Secure Shell server...
[[0;32m  OK  [0m] Started OpenBSD Secure Shell server.
[[0;32m  OK  [0m] Started Login to default iSCSI targets.
[[0;32m  OK  [0m] Reached target Remote File Systems (Pre).
[[0;32m  OK  [0m] Reached target Remote File Systems.
         Starting Permit User Sessions...
         Starting LSB: VirtualBox Linux Additions...
         Starting LSB: Set the CPU Frequency Scaling governor to "ondemand"...
         Starting LSB: daemon to balance interrupts for SMP systems...
         Starting LSB: automatic crash report generation...
[[0;32m  OK  [0m] Started Permit User Sessions.
[[0;32m  OK  [0m] Started LSB: Set the CPU Frequency Scaling governor to "ondemand".
[[0;32m  OK  [0m] Started LSB: VirtualBox Linux Additions.
[[0;32m  OK  [0m] Started LSB: daemon to balance interrupts for SMP systems.
         Stopping OpenBSD Secure Shell server...
         Starting Terminate Plymouth Boot Screen...
         Starting Hold until boot process finishes up...
[[0;32m  OK  [0m] Stopped OpenBSD Secure Shell server.
[[0;32m  OK  [0m] Started LSB: automatic crash report generation.
[[0;32m  OK  [0m] Started Terminate Plymouth Boot Screen.
[[0;32m  OK  [0m] Started Hold until boot process finishes up.
[[0;32m  OK  [0m] Started Serial Getty on ttyS0.
[[0;32m  OK  [0m] Started Getty on tty1.
[[0;32m  OK  [0m] Reached target Login Prompts.
         Starting Set console scheme...
         Starting OpenBSD Secure Shell server...
[[0;32m  OK  [0m] Started Set console scheme.
[[0;32m  OK  [0m] Started OpenBSD Secure Shell server.
[[0;32m  OK  [0m] Reached target Multi-User System.
[[0;32m  OK  [0m] Reached target Graphical Interface.
         Starting Update UTMP about System Runlevel Changes...
[[0;32m  OK  [0m] Started Update UTMP about System Runlevel Changes.
[   22.138815] cloud-init[1103]: Cloud-init v. 0.7.9 running 'modules:config' at Fri, 09 Jun 2017 19:03:54 +0000. Up 19.38 seconds.
[[0;32m  OK  [0m] Started Apply the settings specified in cloud-config.
         Starting Execute cloud user/final scripts...
ci-info: no authorized ssh keys fingerprints found for user ubuntu.
<14>Jun  9 19:03:57 ec2: 
<14>Jun  9 19:03:57 ec2: #############################################################
<14>Jun  9 19:03:57 ec2: -----BEGIN SSH HOST KEY FINGERPRINTS-----
<14>Jun  9 19:03:57 ec2: 1024 SHA256:pFWeBSKZQGrrmzWJ7JV0eyK4QuUE7J0zuej9jnluWt4 root@ubuntu-xenial (DSA)
<14>Jun  9 19:03:57 ec2: 256 SHA256:jlM3/24QZiC/wKI9qfH2MQOD9x2aPequlyf3WRd+9xA root@ubuntu-xenial (ECDSA)
<14>Jun  9 19:03:57 ec2: 256 SHA256:zmxt9T2XkhsBR2Iki4TAFplv0zK1WnL5FfWNGZpr0Qc root@ubuntu-xenial (ED25519)
<14>Jun  9 19:03:57 ec2: 2048 SHA256:A5NjUQQmlFZr5yixh541B3aNlDqicJ66r1/JFd/4HPQ root@ubuntu-xenial (RSA)
<14>Jun  9 19:03:57 ec2: -----END SSH HOST KEY FINGERPRINTS-----
<14>Jun  9 19:03:57 ec2: #############################################################
-----BEGIN SSH HOST KEY KEYS-----
ecdsa-sha2-nistp256 AAAAE2VjZHNhLXNoYTItbmlzdHAyNTYAAAAIbmlzdHAyNTYAAABBBMt16hV9lPb7CnNHZ1Zny5hJPr+wh2zZStLFr5pb+x16AqLdRV4zWwZ8w3ZLd0i19Sh0B+q7FzlTd5DyjwIVtFA= root@ubuntu-xenial
ssh-ed25519 AAAAC3NzaC1lZDI1NTE5AAAAIP5LN50r6UGctyJgQo8ZwGsPVLrP+AgMfvBXTXodMQUD root@ubuntu-xenial
ssh-rsa AAAAB3NzaC1yc2EAAAADAQABAAABAQDXZIOnQQe6SVIaov/G0mAZLesrnARXJG9jOTn3+akdizAhpvEiZwVTx8JyZO8aCoA2dtkn0R8P8pgizEQjVhCdmrBJF4w19moT3WkQqKtMx48Y1g2CDbLyjw755pA9euN4XCz8Rb48D77ONCoqG0Fpzab8IXmsXQ9pjRTp8Ly3h6WJ1uHSg1by31c7hBJiliXsE9qF56pwOoelwECrtYFzU2LOlsq/01Wlhtq/c7M0margeyuv8y4N2wroC6JfVVTA3ypFiOlsR3rOXkiKr/MPta3LcSa6mSPCb6VUbkS/TPdN+K8vCCGBgSvcNcrcULr/kZodiuRbNFLxhm3cOcvH root@ubuntu-xenial
-----END SSH HOST KEY KEYS-----
[   23.260551] cloud-init[1293]: Cloud-init v. 0.7.9 running 'modules:final' at Fri, 09 Jun 2017 19:03:57 +0000. Up 22.49 seconds.
[   23.265094] cloud-init[1293]: ci-info: no authorized ssh keys fingerprints found for user ubuntu.
[   23.268938] cloud-init[1293]: Cloud-init v. 0.7.9 finished at Fri, 09 Jun 2017 19:03:58 +0000. Datasource DataSourceNoCloud [seed=/dev/sdb][dsmode=net].  Up 23.24 seconds
[[0;32m  OK  [0m] Started Execute cloud user/final scripts.
[[0;32m  OK  [0m] Reached target Cloud-init target.

Ubuntu 16.04.2 LTS ubuntu-xenial ttyS0

ubuntu-xenial login: 